<?xml version="1.0" encoding="UTF-8"?>
<!-- Generated by org.testng.reporters.JUnitXMLReporter -->
<testsuite ignored="0" hostname="DESKTOP-I21LK9M" failures="0" tests="10" name="Default test" time="1.692" errors="0" timestamp="2024-04-06T19:26:47 ICT">
  <testcase classname="testNG.dao.BaoCaoThongKeDAO_TestNG" name="testSelectAllDoanhThuNam" time="0.983"/>
  <testcase classname="testNG.dao.BaoCaoThongKeDAO_TestNG" name="testSelectAllDoanhThuNgay" time="0.047"/>
  <testcase classname="testNG.dao.BaoCaoThongKeDAO_TestNG" name="testSelectAllDoanhThuThang" time="0.04"/>
  <testcase classname="testNG.dao.BaoCaoThongKeDAO_TestNG" name="testSelectBySql" time="0.067"/>
  <testcase classname="testNG.dao.SanPhamDAO_TestNG" name="testDelete" time="0.101"/>
  <testcase classname="testNG.dao.SanPhamDAO_TestNG" name="testInsert" time="0.102"/>
  <testcase classname="testNG.dao.SanPhamDAO_TestNG" name="testSelectAll" time="0.047"/>
  <testcase classname="testNG.dao.SanPhamDAO_TestNG" name="testSelectById" time="0.034"/>
  <testcase classname="testNG.dao.SanPhamDAO_TestNG" name="testSelectBySql" time="0.032"/>
  <testcase classname="testNG.dao.SanPhamDAO_TestNG" name="testUpdate" time="0.064"/>
</testsuite> <!-- Default test -->
