<?xml version="1.0" encoding="UTF-8"?>
<!-- Generated by org.testng.reporters.JUnitXMLReporter -->
<testsuite ignored="0" hostname="DESKTOP-I21LK9M" failures="0" tests="40" name="Test11" time="3.067" errors="0" timestamp="2024-04-06T19:28:23 ICT">
  <testcase classname="testNG.dao.DonHangDAO_TestNG" name="testDelete" time="0.983"/>
  <testcase classname="testNG.dao.DonHangDAO_TestNG" name="testInsert" time="0.146"/>
  <testcase classname="testNG.dao.DonHangDAO_TestNG" name="testSelectAll" time="0.043"/>
  <testcase classname="testNG.dao.DonHangDAO_TestNG" name="testSelectById" time="0.03"/>
  <testcase classname="testNG.dao.DonHangDAO_TestNG" name="testUpdate" time="0.067"/>
  <testcase classname="testNG.dao.TaiKhoanDAO_TestNG" name="testDelete" time="0.061"/>
  <testcase classname="testNG.dao.TaiKhoanDAO_TestNG" name="testInsert" time="0.08"/>
  <testcase classname="testNG.dao.TaiKhoanDAO_TestNG" name="testSelectAll" time="0.037"/>
  <testcase classname="testNG.dao.TaiKhoanDAO_TestNG" name="testSelectById" time="0.03"/>
  <testcase classname="testNG.dao.TaiKhoanDAO_TestNG" name="testUpdate" time="0.064"/>
  <testcase classname="testNG.dao.ChamSocKhachHangDAO_TestNG" name="testDelete" time="0.06"/>
  <testcase classname="testNG.dao.ChamSocKhachHangDAO_TestNG" name="testInsert" time="0.069"/>
  <testcase classname="testNG.dao.ChamSocKhachHangDAO_TestNG" name="testSelectAll" time="0.03"/>
  <testcase classname="testNG.dao.ChamSocKhachHangDAO_TestNG" name="testSelectById" time="0.028"/>
  <testcase classname="testNG.dao.ChamSocKhachHangDAO_TestNG" name="testUpdate" time="0.057"/>
  <testcase classname="testNG.dao.PhanLoaiSPDAO_TestNG" name="testDelete" time="0.063"/>
  <testcase classname="testNG.dao.PhanLoaiSPDAO_TestNG" name="testInsert" time="0.07"/>
  <testcase classname="testNG.dao.PhanLoaiSPDAO_TestNG" name="testSelectAll" time="0.025"/>
  <testcase classname="testNG.dao.PhanLoaiSPDAO_TestNG" name="testSelectById" time="0.025"/>
  <testcase classname="testNG.dao.PhanLoaiSPDAO_TestNG" name="testUpdate" time="0.052"/>
  <testcase classname="testNG.dao.BaoCaoThongKeDAO_TestNG" name="testSelectAllDoanhThuNam" time="0.051"/>
  <testcase classname="testNG.dao.BaoCaoThongKeDAO_TestNG" name="testSelectAllDoanhThuNgay" time="0.026"/>
  <testcase classname="testNG.dao.BaoCaoThongKeDAO_TestNG" name="testSelectAllDoanhThuThang" time="0.026"/>
  <testcase classname="testNG.dao.BaoCaoThongKeDAO_TestNG" name="testSelectBySql" time="0.043"/>
  <testcase classname="testNG.dao.SanPhamDAO_TestNG" name="testDelete" time="0.053"/>
  <testcase classname="testNG.dao.SanPhamDAO_TestNG" name="testInsert" time="0.06"/>
  <testcase classname="testNG.dao.SanPhamDAO_TestNG" name="testSelectAll" time="0.028"/>
  <testcase classname="testNG.dao.SanPhamDAO_TestNG" name="testSelectById" time="0.025"/>
  <testcase classname="testNG.dao.SanPhamDAO_TestNG" name="testSelectBySql" time="0.027"/>
  <testcase classname="testNG.dao.SanPhamDAO_TestNG" name="testUpdate" time="0.054"/>
  <testcase classname="testNG.dao.KhachHangDAO_TestNG" name="testDelete" time="0.052"/>
  <testcase classname="testNG.dao.KhachHangDAO_TestNG" name="testInsert" time="0.063"/>
  <testcase classname="testNG.dao.KhachHangDAO_TestNG" name="testSelectAll" time="0.033"/>
  <testcase classname="testNG.dao.KhachHangDAO_TestNG" name="testSelectById" time="0.023"/>
  <testcase classname="testNG.dao.KhachHangDAO_TestNG" name="testUpdate" time="0.051"/>
  <testcase classname="testNG.dao.DonHangChiTietDAO_TestNG" name="testDelete" time="0.068"/>
  <testcase classname="testNG.dao.DonHangChiTietDAO_TestNG" name="testInsert" time="0.069"/>
  <testcase classname="testNG.dao.DonHangChiTietDAO_TestNG" name="testSelectAll" time="0.028"/>
  <testcase classname="testNG.dao.DonHangChiTietDAO_TestNG" name="testSelectById" time="0.024"/>
  <testcase classname="testNG.dao.DonHangChiTietDAO_TestNG" name="testUpdate" time="0.052"/>
</testsuite> <!-- Test11 -->
